<?xml version="1.0" encoding="UTF-8"?>
<!-- Generated by org.testng.reporters.JUnitXMLReporter -->
<testsuite ignored="0" hostname="Praseetha" failures="1" tests="4" name="ContactUs" time="15.37" errors="0" timestamp="2023-08-09T17:56:14 IST">
  <testcase classname="org.ictak.testcases.ContactUsTC" name="iconclick" time="0.526"/>
  <testcase classname="org.ictak.testcases.ContactUsTC" name="validcontactusform" time="3.371"/>
  <testcase classname="org.ictak.testcases.ContactUsTC" name="invalidcontactusform" time="5.32">
    <failure type="java.lang.AssertionError" message="expected [true] but found [false]">
      <![CDATA[java.lang.AssertionError: expected [true] but found [false]
at org.ictak.testcases.ContactUsTC.invalidcontactusform(ContactUsTC.java:56)
at java.base/java.util.ArrayList.forEach(ArrayList.java:1511)
... Removed 35 stack frames]]>
    </failure>
  </testcase> <!-- invalidcontactusform -->
  <testcase classname="org.ictak.testcases.ContactUsTC" name="socialmediaclick" time="5.928"/>
</testsuite> <!-- ContactUs -->
