<?xml version="1.0" encoding="UTF-8"?>
<!-- Generated by org.testng.reporters.JUnitXMLReporter -->
<testsuite ignored="0" hostname="Praseetha" failures="0" tests="3" name="NewStaff" time="29.935" errors="0" timestamp="2023-08-09T11:45:45 IST">
  <testcase classname="org.ictak.testcases.NewstaffTC" name="validstaffform" time="5.11"/>
  <testcase classname="org.ictak.testcases.NewstaffTC" name="emptyimagefield" time="17.079"/>
  <testcase classname="org.ictak.testcases.NewstaffTC" name="Search" time="1.783"/>
</testsuite> <!-- NewStaff -->
