<?xml version="1.0" encoding="UTF-8"?>
<!-- Generated by org.testng.reporters.JUnitXMLReporter -->
<testsuite ignored="0" hostname="Praseetha" failures="0" tests="4" name="Default test" time="30.761" errors="0" timestamp="2023-08-09T17:52:24 IST">
  <testcase classname="org.ictak.testcases.TestimonyTC" name="TestimonialSearch" time="4.627"/>
  <testcase classname="org.ictak.testcases.TestimonyTC" name="EditUser" time="5.73"/>
  <testcase classname="org.ictak.testcases.TestimonyTC" name="DeleteUser" time="5.55"/>
  <testcase classname="org.ictak.testcases.TestimonyTC" name="AddTestimony" time="7.587"/>
</testsuite> <!-- Default test -->
