<?xml version="1.0" encoding="UTF-8"?>
<!-- Generated by org.testng.reporters.JUnitXMLReporter -->
<testsuite ignored="0" hostname="Praseetha" failures="3" tests="3" name="AdminCourses" time="1.471" errors="0" timestamp="2023-08-08T19:03:39 IST">
  <testcase classname="org.ictak.testcases.AdminCoursesTC" name="VerifyvalidCoursesubmission" time="0.013">
    <failure type="java.lang.NullPointerException" message="Cannot invoke &amp;quot;org.openqa.selenium.support.ui.WebDriverWait.until(java.util.function.Function)&amp;quot; because &amp;quot;this.wait&amp;quot; is null">
      <![CDATA[java.lang.NullPointerException: Cannot invoke "org.openqa.selenium.support.ui.WebDriverWait.until(java.util.function.Function)" because "this.wait" is null
at org.ictak.pages.AdmincoursesPage.coursesClick(AdmincoursesPage.java:128)
at org.ictak.testcases.AdminCoursesTC.VerifyvalidCoursesubmission(AdminCoursesTC.java:31)
at java.base/java.util.ArrayList.forEach(ArrayList.java:1511)
... Removed 27 stack frames]]>
    </failure>
  </testcase> <!-- VerifyvalidCoursesubmission -->
  <testcase classname="org.ictak.testcases.AdminCoursesTC" name="VerifyInvalidCourseSubmission" time="0.002">
    <failure type="java.lang.NullPointerException" message="Cannot invoke &amp;quot;org.openqa.selenium.support.ui.WebDriverWait.until(java.util.function.Function)&amp;quot; because &amp;quot;this.wait&amp;quot; is null">
      <![CDATA[java.lang.NullPointerException: Cannot invoke "org.openqa.selenium.support.ui.WebDriverWait.until(java.util.function.Function)" because "this.wait" is null
at org.ictak.pages.AdmincoursesPage.coursesClick(AdmincoursesPage.java:128)
at org.ictak.testcases.AdminCoursesTC.VerifyInvalidCourseSubmission(AdminCoursesTC.java:53)
at java.base/java.util.ArrayList.forEach(ArrayList.java:1511)
... Removed 27 stack frames]]>
    </failure>
  </testcase> <!-- VerifyInvalidCourseSubmission -->
  <testcase classname="org.ictak.testcases.AdminCoursesTC" name="VerifySerchfield" time="1.444">
    <failure type="java.lang.NullPointerException" message="Cannot invoke &amp;quot;org.openqa.selenium.support.ui.WebDriverWait.until(java.util.function.Function)&amp;quot; because &amp;quot;this.wait&amp;quot; is null">
      <![CDATA[java.lang.NullPointerException: Cannot invoke "org.openqa.selenium.support.ui.WebDriverWait.until(java.util.function.Function)" because "this.wait" is null
at org.ictak.pages.AdmincoursesPage.Search(AdmincoursesPage.java:228)
at org.ictak.testcases.AdminCoursesTC.VerifySerchfield(AdminCoursesTC.java:78)
at java.base/java.util.ArrayList.forEach(ArrayList.java:1511)
... Removed 27 stack frames]]>
    </failure>
  </testcase> <!-- VerifySerchfield -->
</testsuite> <!-- AdminCourses -->
