<?xml version="1.0" encoding="UTF-8"?>
<!-- Generated by org.testng.reporters.JUnitXMLReporter -->
<testsuite ignored="0" hostname="Praseetha" failures="3" tests="3" name="NewStaff" time="0.02" errors="0" timestamp="2023-08-08T19:03:39 IST">
  <testcase classname="org.ictak.testcases.NewstaffTC" name="validstaffform" time="0.007">
    <failure type="java.lang.NullPointerException" message="Cannot invoke &amp;quot;org.openqa.selenium.support.ui.WebDriverWait.until(java.util.function.Function)&amp;quot; because &amp;quot;this.wait&amp;quot; is null">
      <![CDATA[java.lang.NullPointerException: Cannot invoke "org.openqa.selenium.support.ui.WebDriverWait.until(java.util.function.Function)" because "this.wait" is null
at org.ictak.pages.NewstaffForm.stafficonclick(NewstaffForm.java:91)
at org.ictak.testcases.NewstaffTC.validstaffform(NewstaffTC.java:30)
at java.base/java.util.ArrayList.forEach(ArrayList.java:1511)
... Removed 27 stack frames]]>
    </failure>
  </testcase> <!-- validstaffform -->
  <testcase classname="org.ictak.testcases.NewstaffTC" name="emptyimagefield" time="0.002">
    <failure type="java.lang.NullPointerException" message="Cannot invoke &amp;quot;org.openqa.selenium.support.ui.WebDriverWait.until(java.util.function.Function)&amp;quot; because &amp;quot;this.wait&amp;quot; is null">
      <![CDATA[java.lang.NullPointerException: Cannot invoke "org.openqa.selenium.support.ui.WebDriverWait.until(java.util.function.Function)" because "this.wait" is null
at org.ictak.pages.NewstaffForm.NewStaffclick(NewstaffForm.java:106)
at org.ictak.testcases.NewstaffTC.emptyimagefield(NewstaffTC.java:49)
at java.base/java.util.ArrayList.forEach(ArrayList.java:1511)
... Removed 27 stack frames]]>
    </failure>
  </testcase> <!-- emptyimagefield -->
  <testcase classname="org.ictak.testcases.NewstaffTC" name="Search" time="0.002">
    <failure type="java.lang.NullPointerException" message="Cannot invoke &amp;quot;org.openqa.selenium.support.ui.WebDriverWait.until(java.util.function.Function)&amp;quot; because &amp;quot;this.wait&amp;quot; is null">
      <![CDATA[java.lang.NullPointerException: Cannot invoke "org.openqa.selenium.support.ui.WebDriverWait.until(java.util.function.Function)" because "this.wait" is null
at org.ictak.pages.NewstaffForm.stafficonclick(NewstaffForm.java:91)
at org.ictak.testcases.NewstaffTC.Search(NewstaffTC.java:64)
at java.base/java.util.ArrayList.forEach(ArrayList.java:1511)
... Removed 27 stack frames]]>
    </failure>
  </testcase> <!-- Search -->
</testsuite> <!-- NewStaff -->
