<?xml version="1.0" encoding="UTF-8"?>
<!-- Generated by org.testng.reporters.JUnitXMLReporter -->
<testsuite ignored="0" hostname="Praseetha" failures="4" tests="4" name="Testimony" time="1.147" errors="0" timestamp="2023-08-08T19:03:40 IST">
  <testcase classname="org.ictak.testcases.TestimonyTC" name="TestimonialSearch" time="0.009">
    <failure type="java.lang.NullPointerException" message="Cannot invoke &amp;quot;org.openqa.selenium.support.ui.WebDriverWait.until(java.util.function.Function)&amp;quot; because &amp;quot;this.wait&amp;quot; is null">
      <![CDATA[java.lang.NullPointerException: Cannot invoke "org.openqa.selenium.support.ui.WebDriverWait.until(java.util.function.Function)" because "this.wait" is null
at org.ictak.pages.Testimonial.TestimonialClick(Testimonial.java:97)
at org.ictak.testcases.TestimonyTC.TestimonialSearch(TestimonyTC.java:31)
at java.base/java.util.ArrayList.forEach(ArrayList.java:1511)
... Removed 27 stack frames]]>
    </failure>
  </testcase> <!-- TestimonialSearch -->
  <testcase classname="org.ictak.testcases.TestimonyTC" name="EditUser" time="0.002">
    <failure type="java.lang.NullPointerException" message="Cannot invoke &amp;quot;org.openqa.selenium.support.ui.WebDriverWait.until(java.util.function.Function)&amp;quot; because &amp;quot;this.wait&amp;quot; is null">
      <![CDATA[java.lang.NullPointerException: Cannot invoke "org.openqa.selenium.support.ui.WebDriverWait.until(java.util.function.Function)" because "this.wait" is null
at org.ictak.pages.Testimonial.TestimonialClick(Testimonial.java:97)
at org.ictak.testcases.TestimonyTC.EditUser(TestimonyTC.java:50)
at java.base/java.util.ArrayList.forEach(ArrayList.java:1511)
... Removed 27 stack frames]]>
    </failure>
  </testcase> <!-- EditUser -->
  <testcase classname="org.ictak.testcases.TestimonyTC" name="DeleteUser" time="0.103">
    <failure type="java.lang.NullPointerException" message="Cannot invoke &amp;quot;org.openqa.selenium.support.ui.WebDriverWait.until(java.util.function.Function)&amp;quot; because &amp;quot;this.wait&amp;quot; is null">
      <![CDATA[java.lang.NullPointerException: Cannot invoke "org.openqa.selenium.support.ui.WebDriverWait.until(java.util.function.Function)" because "this.wait" is null
at org.ictak.pages.Testimonial.Search(Testimonial.java:364)
at org.ictak.testcases.TestimonyTC.DeleteUser(TestimonyTC.java:77)
at java.base/java.util.ArrayList.forEach(ArrayList.java:1511)
... Removed 27 stack frames]]>
    </failure>
  </testcase> <!-- DeleteUser -->
  <testcase classname="org.ictak.testcases.TestimonyTC" name="AddTestimony" time="1.016">
    <failure type="java.lang.NullPointerException" message="Cannot invoke &amp;quot;org.openqa.selenium.support.ui.WebDriverWait.until(java.util.function.Function)&amp;quot; because &amp;quot;this.wait&amp;quot; is null">
      <![CDATA[java.lang.NullPointerException: Cannot invoke "org.openqa.selenium.support.ui.WebDriverWait.until(java.util.function.Function)" because "this.wait" is null
at org.ictak.pages.Testimonial.NewTestimonialclick(Testimonial.java:106)
at org.ictak.testcases.TestimonyTC.AddTestimony(TestimonyTC.java:110)
at java.base/java.util.ArrayList.forEach(ArrayList.java:1511)
... Removed 27 stack frames]]>
    </failure>
  </testcase> <!-- AddTestimony -->
</testsuite> <!-- Testimony -->
