<?xml version="1.0" encoding="UTF-8"?>
<!-- Generated by org.testng.reporters.JUnitXMLReporter -->
<testsuite ignored="0" hostname="Praseetha" failures="1" tests="2" name="Events" time="36.586" errors="0" timestamp="2023-08-09T17:55:46 IST">
  <testcase classname="org.ictak.testcases.EventsTC" name="Eventclick" time="3.802"/>
  <testcase classname="org.ictak.testcases.EventsTC" name="EventsRegister" time="32.607">
    <failure type="java.lang.AssertionError" message="expected [true] but found [false]">
      <![CDATA[java.lang.AssertionError: expected [true] but found [false]
at org.ictak.testcases.EventsTC.EventsRegister(EventsTC.java:74)
at java.base/java.util.ArrayList.forEach(ArrayList.java:1511)
... Removed 35 stack frames]]>
    </failure>
  </testcase> <!-- EventsRegister -->
</testsuite> <!-- Events -->
