<?xml version="1.0" encoding="UTF-8"?>
<!-- Generated by org.testng.reporters.JUnitXMLReporter -->
<testsuite ignored="0" hostname="Praseetha" failures="1" tests="3" name="AdminCourses" time="35.248" errors="0" timestamp="2023-08-09T17:58:21 IST">
  <testcase classname="org.ictak.testcases.AdminCoursesTC" name="VerifyvalidCoursesubmission" time="10.824"/>
  <testcase classname="org.ictak.testcases.AdminCoursesTC" name="VerifyInvalidCourseSubmission" time="7.218">
    <failure type="java.lang.AssertionError" message="expected [true] but found [false]">
      <![CDATA[java.lang.AssertionError: expected [true] but found [false]
at org.ictak.testcases.AdminCoursesTC.VerifyInvalidCourseSubmission(AdminCoursesTC.java:70)
at java.base/java.util.ArrayList.forEach(ArrayList.java:1511)
... Removed 35 stack frames]]>
    </failure>
  </testcase> <!-- VerifyInvalidCourseSubmission -->
  <testcase classname="org.ictak.testcases.AdminCoursesTC" name="VerifySerchfield" time="1.243"/>
</testsuite> <!-- AdminCourses -->
