<?xml version="1.0" encoding="UTF-8"?>
<!-- Generated by org.testng.reporters.JUnitXMLReporter -->
<testsuite ignored="0" hostname="Praseetha" failures="0" tests="3" name="NewStaff" time="28.903" errors="0" timestamp="2023-08-09T17:59:56 IST">
  <testcase classname="org.ictak.testcases.NewstaffTC" name="validstaffform" time="5.407"/>
  <testcase classname="org.ictak.testcases.NewstaffTC" name="emptyimagefield" time="16.688"/>
  <testcase classname="org.ictak.testcases.NewstaffTC" name="Search" time="1.246"/>
</testsuite> <!-- NewStaff -->
