<?xml version="1.0" encoding="UTF-8"?>
<!-- Generated by org.testng.reporters.JUnitXMLReporter -->
<testsuite ignored="0" hostname="Praseetha" failures="1" tests="3" name="Courses" time="26.921" errors="0" timestamp="2023-08-09T17:54:58 IST">
  <testcase classname="org.ictak.testcases.CoursesTC" name="Courseclick" time="0.474"/>
  <testcase classname="org.ictak.testcases.CoursesTC" name="CourseSearch" time="2.254"/>
  <testcase classname="org.ictak.testcases.CoursesTC" name="CourseRegister" time="23.925">
    <failure type="java.lang.AssertionError" message="expected [true] but found [false]">
      <![CDATA[java.lang.AssertionError: expected [true] but found [false]
at org.ictak.testcases.CoursesTC.CourseRegister(CoursesTC.java:89)
at java.base/java.util.ArrayList.forEach(ArrayList.java:1511)
... Removed 35 stack frames]]>
    </failure>
  </testcase> <!-- CourseRegister -->
</testsuite> <!-- Courses -->
