<?xml version="1.0" encoding="UTF-8"?>
<!-- Generated by org.testng.reporters.JUnitXMLReporter -->
<testsuite ignored="0" hostname="Praseetha" failures="0" tests="4" name="Testimony" time="40.156" errors="0" timestamp="2023-08-09T17:59:15 IST">
  <testcase classname="org.ictak.testcases.TestimonyTC" name="TestimonialSearch" time="5.711"/>
  <testcase classname="org.ictak.testcases.TestimonyTC" name="EditUser" time="9.782"/>
  <testcase classname="org.ictak.testcases.TestimonyTC" name="DeleteUser" time="5.188"/>
  <testcase classname="org.ictak.testcases.TestimonyTC" name="AddTestimony" time="7.199"/>
</testsuite> <!-- Testimony -->
